<?xml version="1.0" encoding="UTF-8"?>
<!-- Generated by org.testng.reporters.JUnitXMLReporter -->
<testsuite ignored="0" hostname="Vikas" failures="1" tests="1" name="Test_Edge" time="12.364" errors="0" timestamp="2022-07-29T23:48:01 IST">
  <testcase classname="Com.Test.Test_1" name="verify_TC_001" time="0.003">
    <failure type="java.lang.NoSuchMethodError" message="&amp;apos;java.lang.Object org.openqa.selenium.support.PageFactory.initElements(org.openqa.selenium.WebDriver, java.lang.Class)&amp;apos;">
      <![CDATA[java.lang.NoSuchMethodError: 'java.lang.Object org.openqa.selenium.support.PageFactory.initElements(org.openqa.selenium.WebDriver, java.lang.Class)'
at Com.Test.Test_1.verify_TC_001(Test_1.java:14)
at java.base/java.util.ArrayList.forEach(ArrayList.java:1511)
... Removed 25 stack frames]]>
    </failure>
  </testcase> <!-- verify_TC_001 -->
</testsuite> <!-- Test_Edge -->
