<?xml version="1.0" encoding="UTF-8"?>
<testng-results ignored="0" total="2" passed="0" failed="2" skipped="0">
  <reporter-output>
  </reporter-output>
  <suite started-at="2022-07-29T23:47:41 IST" name="Suite" finished-at="2022-07-29T23:48:01 IST" duration-ms="19718">
    <groups>
    </groups>
    <test started-at="2022-07-29T23:47:41 IST" name="Test_Chrome" finished-at="2022-07-29T23:47:48 IST" duration-ms="6926">
      <class name="Com.Test.Test_1">
        <test-method is-config="true" signature="setup(java.lang.String)[pri:0, instance:Com.Test.Test_1@3feb2dda]" started-at="2022-07-29T23:47:41 IST" name="setup" finished-at="2022-07-29T23:47:47 IST" duration-ms="6461" status="PASS">
          <params>
            <param index="0">
              <value>
                <![CDATA[Chrome]]>
              </value>
            </param>
          </params>
          <reporter-output>
          </reporter-output>
        </test-method> <!-- setup -->
        <test-method signature="verify_TC_001()[pri:0, instance:Com.Test.Test_1@3feb2dda]" started-at="2022-07-29T23:47:47 IST" name="verify_TC_001" finished-at="2022-07-29T23:47:47 IST" duration-ms="37" status="FAIL">
          <exception class="java.lang.NoSuchMethodError">
            <message>
              <![CDATA['java.lang.Object org.openqa.selenium.support.PageFactory.initElements(org.openqa.selenium.WebDriver, java.lang.Class)']]>
            </message>
            <full-stacktrace>
              <![CDATA[java.lang.NoSuchMethodError: 'java.lang.Object org.openqa.selenium.support.PageFactory.initElements(org.openqa.selenium.WebDriver, java.lang.Class)'
at Com.Test.Test_1.verify_TC_001(Test_1.java:14)
at java.base/jdk.internal.reflect.DirectMethodHandleAccessor.invoke(DirectMethodHandleAccessor.java:104)
at java.base/java.lang.reflect.Method.invoke(Method.java:577)
at org.testng.internal.MethodInvocationHelper.invokeMethod(MethodInvocationHelper.java:133)
at org.testng.internal.TestInvoker.invokeMethod(TestInvoker.java:598)
at org.testng.internal.TestInvoker.invokeTestMethod(TestInvoker.java:173)
at org.testng.internal.MethodRunner.runInSequence(MethodRunner.java:46)
at org.testng.internal.TestInvoker$MethodInvocationAgent.invoke(TestInvoker.java:824)
at org.testng.internal.TestInvoker.invokeTestMethods(TestInvoker.java:146)
at org.testng.internal.TestMethodWorker.invokeTestMethods(TestMethodWorker.java:146)
at org.testng.internal.TestMethodWorker.run(TestMethodWorker.java:128)
at java.base/java.util.ArrayList.forEach(ArrayList.java:1511)
at org.testng.TestRunner.privateRun(TestRunner.java:794)
at org.testng.TestRunner.run(TestRunner.java:596)
at org.testng.SuiteRunner.runTest(SuiteRunner.java:377)
at org.testng.SuiteRunner.runSequentially(SuiteRunner.java:371)
at org.testng.SuiteRunner.privateRun(SuiteRunner.java:332)
at org.testng.SuiteRunner.run(SuiteRunner.java:276)
at org.testng.SuiteRunnerWorker.runSuite(SuiteRunnerWorker.java:53)
at org.testng.SuiteRunnerWorker.run(SuiteRunnerWorker.java:96)
at org.testng.TestNG.runSuitesSequentially(TestNG.java:1212)
at org.testng.TestNG.runSuitesLocally(TestNG.java:1134)
at org.testng.TestNG.runSuites(TestNG.java:1063)
at org.testng.TestNG.run(TestNG.java:1031)
at org.testng.remote.AbstractRemoteTestNG.run(AbstractRemoteTestNG.java:115)
at org.testng.remote.RemoteTestNG.initAndRun(RemoteTestNG.java:251)
at org.testng.remote.RemoteTestNG.main(RemoteTestNG.java:77)
]]>
            </full-stacktrace>
          </exception> <!-- java.lang.NoSuchMethodError -->
          <reporter-output>
          </reporter-output>
        </test-method> <!-- verify_TC_001 -->
        <test-method is-config="true" signature="tearDown()[pri:0, instance:Com.Test.Test_1@3feb2dda]" started-at="2022-07-29T23:47:48 IST" name="tearDown" finished-at="2022-07-29T23:47:48 IST" duration-ms="186" status="PASS">
          <reporter-output>
          </reporter-output>
        </test-method> <!-- tearDown -->
      </class> <!-- Com.Test.Test_1 -->
    </test> <!-- Test_Chrome -->
    <test started-at="2022-07-29T23:47:48 IST" name="Test_Edge" finished-at="2022-07-29T23:48:01 IST" duration-ms="12364">
      <class name="Com.Test.Test_1">
        <test-method is-config="true" signature="BS()[pri:0, instance:Com.Test.Test_1@6933b6c6]" started-at="2022-07-29T23:47:40 IST" name="BS" finished-at="2022-07-29T23:47:41 IST" duration-ms="585" status="PASS">
          <reporter-output>
          </reporter-output>
        </test-method> <!-- BS -->
        <test-method is-config="true" signature="setup(java.lang.String)[pri:0, instance:Com.Test.Test_1@6933b6c6]" started-at="2022-07-29T23:47:48 IST" name="setup" finished-at="2022-07-29T23:48:00 IST" duration-ms="11859" status="PASS">
          <params>
            <param index="0">
              <value>
                <![CDATA[Edge]]>
              </value>
            </param>
          </params>
          <reporter-output>
          </reporter-output>
        </test-method> <!-- setup -->
        <test-method signature="verify_TC_001()[pri:0, instance:Com.Test.Test_1@6933b6c6]" started-at="2022-07-29T23:48:00 IST" name="verify_TC_001" finished-at="2022-07-29T23:48:00 IST" duration-ms="3" status="FAIL">
          <exception class="java.lang.NoSuchMethodError">
            <message>
              <![CDATA['java.lang.Object org.openqa.selenium.support.PageFactory.initElements(org.openqa.selenium.WebDriver, java.lang.Class)']]>
            </message>
            <full-stacktrace>
              <![CDATA[java.lang.NoSuchMethodError: 'java.lang.Object org.openqa.selenium.support.PageFactory.initElements(org.openqa.selenium.WebDriver, java.lang.Class)'
at Com.Test.Test_1.verify_TC_001(Test_1.java:14)
at java.base/jdk.internal.reflect.DirectMethodHandleAccessor.invoke(DirectMethodHandleAccessor.java:104)
at java.base/java.lang.reflect.Method.invoke(Method.java:577)
at org.testng.internal.MethodInvocationHelper.invokeMethod(MethodInvocationHelper.java:133)
at org.testng.internal.TestInvoker.invokeMethod(TestInvoker.java:598)
at org.testng.internal.TestInvoker.invokeTestMethod(TestInvoker.java:173)
at org.testng.internal.MethodRunner.runInSequence(MethodRunner.java:46)
at org.testng.internal.TestInvoker$MethodInvocationAgent.invoke(TestInvoker.java:824)
at org.testng.internal.TestInvoker.invokeTestMethods(TestInvoker.java:146)
at org.testng.internal.TestMethodWorker.invokeTestMethods(TestMethodWorker.java:146)
at org.testng.internal.TestMethodWorker.run(TestMethodWorker.java:128)
at java.base/java.util.ArrayList.forEach(ArrayList.java:1511)
at org.testng.TestRunner.privateRun(TestRunner.java:794)
at org.testng.TestRunner.run(TestRunner.java:596)
at org.testng.SuiteRunner.runTest(SuiteRunner.java:377)
at org.testng.SuiteRunner.runSequentially(SuiteRunner.java:371)
at org.testng.SuiteRunner.privateRun(SuiteRunner.java:332)
at org.testng.SuiteRunner.run(SuiteRunner.java:276)
at org.testng.SuiteRunnerWorker.runSuite(SuiteRunnerWorker.java:53)
at org.testng.SuiteRunnerWorker.run(SuiteRunnerWorker.java:96)
at org.testng.TestNG.runSuitesSequentially(TestNG.java:1212)
at org.testng.TestNG.runSuitesLocally(TestNG.java:1134)
at org.testng.TestNG.runSuites(TestNG.java:1063)
at org.testng.TestNG.run(TestNG.java:1031)
at org.testng.remote.AbstractRemoteTestNG.run(AbstractRemoteTestNG.java:115)
at org.testng.remote.RemoteTestNG.initAndRun(RemoteTestNG.java:251)
at org.testng.remote.RemoteTestNG.main(RemoteTestNG.java:77)
]]>
            </full-stacktrace>
          </exception> <!-- java.lang.NoSuchMethodError -->
          <reporter-output>
          </reporter-output>
        </test-method> <!-- verify_TC_001 -->
        <test-method is-config="true" signature="tearDown()[pri:0, instance:Com.Test.Test_1@6933b6c6]" started-at="2022-07-29T23:48:00 IST" name="tearDown" finished-at="2022-07-29T23:48:01 IST" duration-ms="238" status="PASS">
          <reporter-output>
          </reporter-output>
        </test-method> <!-- tearDown -->
      </class> <!-- Com.Test.Test_1 -->
    </test> <!-- Test_Edge -->
  </suite> <!-- Suite -->
</testng-results>
